<?xml version="1.0" encoding="UTF-8"?>
<robot generator="Robot 6.1.1 (Python 3.11.6 on darwin)" generated="20231122 18:10:18.193" rpa="false" schemaversion="4">
<suite id="s1" name="Test" source="/Users/duyhung.bui/workplaces/cognizant/oppenheimer-automation/tests/clerks/test.robot">
<test id="s1-t1" name="As the Clerk, I should be able to insert a single record of working class hero into database via an API" line="15">
<kw name="Create Dictionary" library="BuiltIn">
<var>${body}</var>
<arg>natid=${natid}</arg>
<arg>name=${name}</arg>
<arg>gender=${gender}</arg>
<arg>birthday=${birthday}</arg>
<arg>salary=${salary}</arg>
<arg>tax=${tax}</arg>
<doc>Creates and returns a dictionary based on the given ``items``.</doc>
<msg timestamp="20231122 18:10:18.296" level="INFO">${body} = {'natid': '123', 'name': 'test_name', 'gender': '1', 'birthday': '01011991', 'salary': '2000', 'tax': '500'}</msg>
<status status="PASS" starttime="20231122 18:10:18.296" endtime="20231122 18:10:18.296"/>
</kw>
<kw name="POST" library="RequestsLibrary">
<var>${resp}</var>
<arg>${SERVER}/calculator/insert</arg>
<arg>json=${body}</arg>
<doc>Sends a POST request.</doc>
<msg timestamp="20231122 18:10:18.361" level="INFO">POST Request : url=http://localhost:8080/calculator/insert 
 path_url=/calculator/insert 
 headers={'User-Agent': 'python-requests/2.31.0', 'Accept-Encoding': 'gzip, deflate', 'Accept': '*/*', 'Connection': 'keep-alive', 'Content-Length': '108', 'Content-Type': 'application/json'} 
 body=b'{"natid": "123", "name": "test_name", "gender": "1", "birthday": "01011991", "salary": "2000", "tax": "500"}' 
 </msg>
<msg timestamp="20231122 18:10:18.361" level="INFO">POST Response : url=http://localhost:8080/calculator/insert 
 status=202, reason= 
 headers={'Content-Type': 'text/plain;charset=UTF-8', 'Content-Length': '7', 'Date': 'Wed, 22 Nov 2023 11:10:18 GMT'} 
 body=Alright 
 </msg>
<msg timestamp="20231122 18:10:18.361" level="INFO">${resp} = &lt;Response [202]&gt;</msg>
<status status="PASS" starttime="20231122 18:10:18.296" endtime="20231122 18:10:18.361"/>
</kw>
<kw name="Status Should Be" library="RequestsLibrary">
<arg>Accepted</arg>
<arg>${resp}</arg>
<doc>Fails if response status code is different than the expected.</doc>
<status status="PASS" starttime="20231122 18:10:18.362" endtime="20231122 18:10:18.362"/>
</kw>
<status status="PASS" starttime="20231122 18:10:18.295" endtime="20231122 18:10:18.362"/>
</test>
<test id="s1-t2" name="As the Clerk, I should be able to insert more than one working class hero into database via an API" line="20">
<kw name="Create Dictionary" library="BuiltIn">
<var>${body}</var>
<arg>natid=${natid}</arg>
<arg>name=${name}</arg>
<arg>gender=${gender}</arg>
<arg>birthday=${birthday}</arg>
<arg>salary=${salary}</arg>
<arg>tax=${tax}</arg>
<doc>Creates and returns a dictionary based on the given ``items``.</doc>
<msg timestamp="20231122 18:10:18.362" level="INFO">${body} = {'natid': '123', 'name': 'test_name', 'gender': '1', 'birthday': '01011991', 'salary': '2000', 'tax': '500'}</msg>
<status status="PASS" starttime="20231122 18:10:18.362" endtime="20231122 18:10:18.362"/>
</kw>
<kw name="Create List" library="BuiltIn">
<var>${body_array}</var>
<arg>${body}</arg>
<arg>${body}</arg>
<doc>Returns a list containing given items.</doc>
<msg timestamp="20231122 18:10:18.363" level="INFO">${body_array} = [{'natid': '123', 'name': 'test_name', 'gender': '1', 'birthday': '01011991', 'salary': '2000', 'tax': '500'}, {'natid': '123', 'name': 'test_name', 'gender': '1', 'birthday': '01011991', 'salary': '2...</msg>
<status status="PASS" starttime="20231122 18:10:18.363" endtime="20231122 18:10:18.363"/>
</kw>
<kw name="POST" library="RequestsLibrary">
<var>${resp}</var>
<arg>${SERVER}/calculator/insertMultiple</arg>
<arg>json=${body_array}</arg>
<doc>Sends a POST request.</doc>
<msg timestamp="20231122 18:10:18.371" level="INFO">POST Request : url=http://localhost:8080/calculator/insertMultiple 
 path_url=/calculator/insertMultiple 
 headers={'User-Agent': 'python-requests/2.31.0', 'Accept-Encoding': 'gzip, deflate', 'Accept': '*/*', 'Connection': 'keep-alive', 'Content-Length': '220', 'Content-Type': 'application/json'} 
 body=b'[{"natid": "123", "name": "test_name", "gender": "1", "birthday": "01011991", "salary": "2000", "tax": "500"}, {"natid": "123", "name": "test_name", "gender": "1", "birthday": "01011991", "salary": "2000", "tax": "500"}]' 
 </msg>
<msg timestamp="20231122 18:10:18.371" level="INFO">POST Response : url=http://localhost:8080/calculator/insertMultiple 
 status=202, reason= 
 headers={'Content-Type': 'text/plain;charset=UTF-8', 'Content-Length': '7', 'Date': 'Wed, 22 Nov 2023 11:10:18 GMT'} 
 body=Alright 
 </msg>
<msg timestamp="20231122 18:10:18.371" level="INFO">${resp} = &lt;Response [202]&gt;</msg>
<status status="PASS" starttime="20231122 18:10:18.363" endtime="20231122 18:10:18.371"/>
</kw>
<kw name="Status Should Be" library="RequestsLibrary">
<arg>Accepted</arg>
<arg>${resp}</arg>
<doc>Fails if response status code is different than the expected.</doc>
<status status="PASS" starttime="20231122 18:10:18.371" endtime="20231122 18:10:18.372"/>
</kw>
<status status="PASS" starttime="20231122 18:10:18.362" endtime="20231122 18:10:18.372"/>
</test>
<status status="PASS" starttime="20231122 18:10:18.194" endtime="20231122 18:10:18.372"/>
</suite>
<statistics>
<total>
<stat pass="2" fail="0" skip="0">All Tests</stat>
</total>
<tag>
</tag>
<suite>
<stat pass="2" fail="0" skip="0" id="s1" name="Test">Test</stat>
</suite>
</statistics>
<errors>
</errors>
</robot>
